{"uuid":"145d651d-b3a9-4244-a9d3-e6a5932325f7","historyId":"80c3e9abc9b3db80223c173320cf9f73","fullName":"com.omayoproject.rightpagetest.LocateUsingNameAttributeTest.nameAttributeTest","labels":[{"name":"package","value":"com.omayoproject.rightpagetest.LocateUsingNameAttributeTest"},{"name":"testClass","value":"com.omayoproject.rightpagetest.LocateUsingNameAttributeTest"},{"name":"testMethod","value":"nameAttributeTest"},{"name":"parentSuite","value":"Default suite"},{"name":"suite","value":"Default test"},{"name":"subSuite","value":"com.omayoproject.rightpagetest.LocateUsingNameAttributeTest"},{"name":"host","value":"pc-5.home"},{"name":"thread","value":"22178@pc-5.home.main(1)"},{"name":"framework","value":"testng"},{"name":"language","value":"java"}],"links":[],"name":"nameAttributeTest","status":"skipped","statusDetails":{"known":false,"muted":false,"flaky":false,"message":"java.lang.NegativeArraySizeException: -1","trace":"java.lang.RuntimeException: java.lang.NegativeArraySizeException: -1\n\tat org.testng.internal.MethodInvocationHelper.invokeMethodNoCheckedException(MethodInvocationHelper.java:51)\n\tat org.testng.internal.MethodInvocationHelper.invokeDataProvider(MethodInvocationHelper.java:147)\n\tat org.testng.internal.Parameters.handleParameters(Parameters.java:801)\n\tat org.testng.internal.Parameters.handleParameters(Parameters.java:744)\n\tat org.testng.internal.ParameterHandler.handleParameters(ParameterHandler.java:59)\n\tat org.testng.internal.ParameterHandler.createParameters(ParameterHandler.java:38)\n\tat org.testng.internal.TestInvoker$MethodInvocationAgent.invoke(TestInvoker.java:783)\n\tat org.testng.internal.TestInvoker.invokeTestMethods(TestInvoker.java:146)\n\tat org.testng.internal.TestMethodWorker.invokeTestMethods(TestMethodWorker.java:146)\n\tat org.testng.internal.TestMethodWorker.run(TestMethodWorker.java:128)\n\tat java.base/java.util.ArrayList.forEach(ArrayList.java:1511)\n\tat org.testng.TestRunner.privateRun(TestRunner.java:766)\n\tat org.testng.TestRunner.run(TestRunner.java:587)\n\tat org.testng.SuiteRunner.runTest(SuiteRunner.java:384)\n\tat org.testng.SuiteRunner.runSequentially(SuiteRunner.java:378)\n\tat org.testng.SuiteRunner.privateRun(SuiteRunner.java:337)\n\tat org.testng.SuiteRunner.run(SuiteRunner.java:286)\n\tat org.testng.SuiteRunnerWorker.runSuite(SuiteRunnerWorker.java:53)\n\tat org.testng.SuiteRunnerWorker.run(SuiteRunnerWorker.java:96)\n\tat org.testng.TestNG.runSuitesSequentially(TestNG.java:1187)\n\tat org.testng.TestNG.runSuitesLocally(TestNG.java:1109)\n\tat org.testng.TestNG.runSuites(TestNG.java:1039)\n\tat org.testng.TestNG.run(TestNG.java:1007)\n\tat org.testng.remote.AbstractRemoteTestNG.run(AbstractRemoteTestNG.java:115)\n\tat org.testng.remote.RemoteTestNG.initAndRun(RemoteTestNG.java:251)\n\tat org.testng.remote.RemoteTestNG.main(RemoteTestNG.java:77)\nCaused by: java.lang.NegativeArraySizeException: -1\n\tat com.omayoproject.dataprovider.ExcelDataProvider.locateUsingNameAttributePage(ExcelDataProvider.java:15)\n\tat java.base/jdk.internal.reflect.NativeMethodAccessorImpl.invoke0(Native Method)\n\tat java.base/jdk.internal.reflect.NativeMethodAccessorImpl.invoke(NativeMethodAccessorImpl.java:77)\n\tat java.base/jdk.internal.reflect.DelegatingMethodAccessorImpl.invoke(DelegatingMethodAccessorImpl.java:43)\n\tat java.base/java.lang.reflect.Method.invoke(Method.java:568)\n\tat org.testng.internal.MethodInvocationHelper.invokeMethod(MethodInvocationHelper.java:134)\n\tat org.testng.internal.MethodInvocationHelper.invokeMethod(MethodInvocationHelper.java:78)\n\tat org.testng.internal.MethodInvocationHelper.invokeMethodNoCheckedException(MethodInvocationHelper.java:47)\n\t... 25 more\n"},"stage":"finished","steps":[],"attachments":[],"parameters":[],"start":1701597083231,"stop":1701597083233}